<?xml version="1.0" encoding="UTF-8"?>
<!-- Generated by org.testng.reporters.JUnitXMLReporter -->
<testsuite hostname="DESKTOP-75NGIO8" name="Text Check" tests="3" failures="0" timestamp="10 Aug 2020 19:48:06 GMT" time="25.262" errors="0">
  <testcase name="checkSeguros" time="1.38" classname="com.testing.experta.testCases.TC_CheckText_Seguros_001"/>
  <testcase name="checkProductores" time="1.13" classname="com.testing.experta.testCases.TC_CheckText_Productores_001"/>
  <testcase name="checkServicios" time="1.24" classname="com.testing.experta.testCases.TC_CheckText_Servicios_001"/>
</testsuite> <!-- Text Check -->
