<?xml version="1.0" encoding="UTF-8"?>
<!-- Generated by org.testng.reporters.JUnitXMLReporter -->
<testsuite hostname="DESKTOP-75NGIO8" name="Text Check" tests="3" failures="0" timestamp="11 Aug 2020 17:55:44 GMT" time="29.206" errors="0">
  <testcase name="checkSeguros" time="3.019" classname="com.testing.experta.testCases.TC_CheckText_Seguros_001"/>
  <testcase name="checkProductores" time="1.415" classname="com.testing.experta.testCases.TC_CheckText_Productores_001"/>
  <testcase name="checkServicios" time="1.22" classname="com.testing.experta.testCases.TC_CheckText_Servicios_001"/>
</testsuite> <!-- Text Check -->
