<?xml version="1.0" encoding="UTF-8"?>
<testsuite xmlns:xsi="http://www.w3.org/2001/XMLSchema-instance" xsi:schemaLocation="https://maven.apache.org/surefire/maven-surefire-plugin/xsd/surefire-test-report.xsd" name="TestSuite" time="25.929" tests="3" errors="0" skipped="0" failures="0">
  <properties>
[...]
</properties>
  <testcase name="checkSeguros" classname="com.testing.experta.testCases.TC_CheckText_Seguros_001" time="1.38"/>
  <testcase name="checkProductores" classname="com.testing.experta.testCases.TC_CheckText_Productores_001" time="1.13"/>
  <testcase name="checkServicios" classname="com.testing.experta.testCases.TC_CheckText_Servicios_001" time="1.24"/>
</testsuite>