<?xml version="1.0" encoding="UTF-8"?>
<!-- Generated by org.testng.reporters.JUnitXMLReporter -->
<testsuite hostname="DESKTOP-75NGIO8" name="Text Check" tests="3" failures="0" timestamp="10 Aug 2020 09:51:39 GMT" time="27.167" errors="0">
  <testcase name="checkSeguros" time="1.106" classname="com.testing.experta.testCases.TC_CheckText_Seguros_001"/>
  <testcase name="checkProductores" time="1.863" classname="com.testing.experta.testCases.TC_CheckText_Productores_001"/>
  <testcase name="checkServicios" time="2.085" classname="com.testing.experta.testCases.TC_CheckText_Servicios_001"/>
</testsuite> <!-- Text Check -->
